<?xml version="1.0" encoding="UTF-8"?>
<testng-results skipped="0" failed="0" ignored="0" total="0" passed="0">
  <reporter-output>
  </reporter-output>
  <suite name="SeleniumSample.SeleniumSample.AppTest" duration-ms="6" started-at="2020-09-29T15:06:39Z" finished-at="2020-09-29T15:06:39Z">
    <groups>
    </groups>
    <test name="Command line test" duration-ms="6" started-at="2020-09-29T15:06:39Z" finished-at="2020-09-29T15:06:39Z">
    </test> <!-- Command line test -->
  </suite> <!-- SeleniumSample.SeleniumSample.AppTest -->
</testng-results>
