<?xml version="1.0" encoding="UTF-8"?>
<testng-results ignored="0" total="1" passed="1" failed="0" skipped="0">
  <reporter-output>
  </reporter-output>
  <suite started-at="2020-10-22T17:39:52 ICT" name="Default suite" finished-at="2020-10-22T17:40:13 ICT" duration-ms="20148">
    <groups>
    </groups>
    <test started-at="2020-10-22T17:39:52 ICT" name="Default test" finished-at="2020-10-22T17:40:13 ICT" duration-ms="20148">
      <class name="Railway.RegisterTest">
        <test-method is-config="true" signature="beforeMethod()[pri:0, instance:Railway.RegisterTest@433d61fb]" started-at="2020-10-22T17:39:52 ICT" name="beforeMethod" finished-at="2020-10-22T17:39:57 ICT" duration-ms="4695" status="PASS">
          <reporter-output>
          </reporter-output>
        </test-method> <!-- beforeMethod -->
        <test-method signature="FTTC02()[pri:0, instance:Railway.RegisterTest@433d61fb]" started-at="2020-10-22T17:39:57 ICT" name="FTTC02" finished-at="2020-10-22T17:40:12 ICT" duration-ms="14758" status="PASS">
          <reporter-output>
          </reporter-output>
        </test-method> <!-- FTTC02 -->
        <test-method is-config="true" signature="afterMethod()[pri:0, instance:Railway.RegisterTest@433d61fb]" started-at="2020-10-22T17:40:12 ICT" name="afterMethod" finished-at="2020-10-22T17:40:13 ICT" duration-ms="652" status="PASS">
          <reporter-output>
          </reporter-output>
        </test-method> <!-- afterMethod -->
      </class> <!-- Railway.RegisterTest -->
    </test> <!-- Default test -->
  </suite> <!-- Default suite -->
</testng-results>
